# JRE version: 7.0_05-b06
# Java VM: Java HotSpot(TM) Server VM (23.1-b03 mixed mode linux-x86 )
Heap
 PSYoungGen      total 150912K, used 8791K [0xa8970000, 0xb31e0000, 0xb3410000)
  eden space 129536K, 0% used [0xa8970000,0xa8970000,0xb07f0000)
  from space 21376K, 41% used [0xb07f0000,0xb1085c80,0xb1cd0000)
  to   space 21568K, 0% used [0xb1cd0000,0xb1cd0000,0xb31e0000)
 ParOldGen       total 132800K, used 100815K [0x93410000, 0x9b5c0000, 0xa8970000)
  object space 132800K, 75% used [0x93410000,0x99683f18,0x9b5c0000)
 PSPermGen       total 42624K, used 42623K [0x87410000, 0x89db0000, 0x93410000)
  object space 42624K, 99% used [0x87410000,0x89daffc8,0x89db0000)
GC Heap History (10 events):
Event: 91.458 GC heap after
Heap after GC invocations=47 (full 4):
 PSYoungGen      total 150016K, used 834K [0xa8970000, 0xb3360000, 0xb3410000)
  eden space 125696K, 0% used [0xa8970000,0xa8970000,0xb0430000)
  from space 24320K, 3% used [0xb0430000,0xb0500818,0xb1bf0000)
  to   space 23872K, 0% used [0xb1c10000,0xb1c10000,0xb3360000)
 ParOldGen       total 132800K, used 100815K [0x93410000, 0x9b5c0000, 0xa8970000)
  object space 132800K, 75% used [0x93410000,0x99683f18,0x9b5c0000)
 PSPermGen       total 40448K, used 40413K [0x87410000, 0x89b90000, 0x93410000)
  object space 40448K, 99% used [0x87410000,0x89b876f8,0x89b90000)
}
Event: 92.812 GC heap before
{Heap before GC invocations=48 (full 4):
 PSYoungGen      total 150016K, used 120178K [0xa8970000, 0xb3360000, 0xb3410000)
  eden space 125696K, 94% used [0xa8970000,0xafdfc010,0xb0430000)
  from space 24320K, 3% used [0xb0430000,0xb0500818,0xb1bf0000)
  to   space 23872K, 0% used [0xb1c10000,0xb1c10000,0xb3360000)
 ParOldGen       total 132800K, used 100815K [0x93410000, 0x9b5c0000, 0xa8970000)
  object space 132800K, 75% used [0x93410000,0x99683f18,0x9b5c0000)
 PSPermGen       total 41344K, used 41222K [0x87410000, 0x89c70000, 0x93410000)
  object space 41344K, 99% used [0x87410000,0x89c518e8,0x89c70000)
Event: 92.835 GC heap after
Heap after GC invocations=48 (full 4):
 PSYoungGen      total 149120K, used 1851K [0xa8970000, 0xb3220000, 0xb3410000)
  eden space 126528K, 0% used [0xa8970000,0xa8970000,0xb0500000)
  from space 22592K, 8% used [0xb1c10000,0xb1dded98,0xb3220000)
  to   space 23104K, 0% used [0xb0500000,0xb0500000,0xb1b90000)
 ParOldGen       total 132800K, used 100815K [0x93410000, 0x9b5c0000, 0xa8970000)
  object space 132800K, 75% used [0x93410000,0x99683f18,0x9b5c0000)
 PSPermGen       total 41344K, used 41222K [0x87410000, 0x89c70000, 0x93410000)
  object space 41344K, 99% used [0x87410000,0x89c518e8,0x89c70000)
}
Event: 94.974 GC heap before
{Heap before GC invocations=49 (full 4):
 PSYoungGen      total 149120K, used 128379K [0xa8970000, 0xb3220000, 0xb3410000)
  eden space 126528K, 100% used [0xa8970000,0xb0500000,0xb0500000)
  from space 22592K, 8% used [0xb1c10000,0xb1dded98,0xb3220000)
  to   space 23104K, 0% used [0xb0500000,0xb0500000,0xb1b90000)
 ParOldGen       total 132800K, used 100815K [0x93410000, 0x9b5c0000, 0xa8970000)
  object space 132800K, 75% used [0x93410000,0x99683f18,0x9b5c0000)
 PSPermGen       total 41856K, used 41809K [0x87410000, 0x89cf0000, 0x93410000)
  object space 41856K, 99% used [0x87410000,0x89ce47f0,0x89cf0000)
Event: 95.011 GC heap after
Heap after GC invocations=49 (full 4):
 PSYoungGen      total 149632K, used 4372K [0xa8970000, 0xb3230000, 0xb3410000)
  eden space 126528K, 0% used [0xa8970000,0xa8970000,0xb0500000)
  from space 23104K, 18% used [0xb0500000,0xb0945008,0xb1b90000)
  to   space 21888K, 0% used [0xb1cd0000,0xb1cd0000,0xb3230000)
 ParOldGen       total 132800K, used 100815K [0x93410000, 0x9b5c0000, 0xa8970000)
  object space 132800K, 75% used [0x93410000,0x99683f18,0x9b5c0000)
 PSPermGen       total 41856K, used 41809K [0x87410000, 0x89cf0000, 0x93410000)
  object space 41856K, 99% used [0x87410000,0x89ce47f0,0x89cf0000)
}
Event: 97.396 GC heap before
{Heap before GC invocations=50 (full 4):
 PSYoungGen      total 149632K, used 125547K [0xa8970000, 0xb3230000, 0xb3410000)
  eden space 126528K, 95% used [0xa8970000,0xaffc5c58,0xb0500000)
  from space 23104K, 18% used [0xb0500000,0xb0945008,0xb1b90000)
  to   space 21888K, 0% used [0xb1cd0000,0xb1cd0000,0xb3230000)
 ParOldGen       total 132800K, used 100815K [0x93410000, 0x9b5c0000, 0xa8970000)
  object space 132800K, 75% used [0x93410000,0x99683f18,0x9b5c0000)
 PSPermGen       total 42624K, used 42608K [0x87410000, 0x89db0000, 0x93410000)
  object space 42624K, 99% used [0x87410000,0x89dac060,0x89db0000)
Event: 97.460 GC heap after
Heap after GC invocations=50 (full 4):
 PSYoungGen      total 151104K, used 9207K [0xa8970000, 0xb31e0000, 0xb3410000)
  eden space 129536K, 0% used [0xa8970000,0xa8970000,0xb07f0000)
  from space 21568K, 42% used [0xb1cd0000,0xb25cdc68,0xb31e0000)
  to   space 21376K, 0% used [0xb07f0000,0xb07f0000,0xb1cd0000)
 ParOldGen       total 132800K, used 100815K [0x93410000, 0x9b5c0000, 0xa8970000)
  object space 132800K, 75% used [0x93410000,0x99683f18,0x9b5c0000)
 PSPermGen       total 42624K, used 42608K [0x87410000, 0x89db0000, 0x93410000)
  object space 42624K, 99% used [0x87410000,0x89dac060,0x89db0000)
}
Event: 97.498 GC heap before
{Heap before GC invocations=51 (full 4):
 PSYoungGen      total 151104K, used 39579K [0xa8970000, 0xb31e0000, 0xb3410000)
  eden space 129536K, 23% used [0xa8970000,0xaa719208,0xb07f0000)
  from space 21568K, 42% used [0xb1cd0000,0xb25cdc68,0xb31e0000)
  to   space 21376K, 0% used [0xb07f0000,0xb07f0000,0xb1cd0000)
 ParOldGen       total 132800K, used 100815K [0x93410000, 0x9b5c0000, 0xa8970000)
  object space 132800K, 75% used [0x93410000,0x99683f18,0x9b5c0000)
 PSPermGen       total 42624K, used 42623K [0x87410000, 0x89db0000, 0x93410000)
  object space 42624K, 99% used [0x87410000,0x89daffc8,0x89db0000)
Event: 97.554 GC heap after
Heap after GC invocations=51 (full 4):
 PSYoungGen      total 150912K, used 8791K [0xa8970000, 0xb31e0000, 0xb3410000)
  eden space 129536K, 0% used [0xa8970000,0xa8970000,0xb07f0000)
  from space 21376K, 41% used [0xb07f0000,0xb1085c80,0xb1cd0000)
  to   space 21568K, 0% used [0xb1cd0000,0xb1cd0000,0xb31e0000)
 ParOldGen       total 132800K, used 100815K [0x93410000, 0x9b5c0000, 0xa8970000)
  object space 132800K, 75% used [0x93410000,0x99683f18,0x9b5c0000)
 PSPermGen       total 42624K, used 42623K [0x87410000, 0x89db0000, 0x93410000)
  object space 42624K, 99% used [0x87410000,0x89daffc8,0x89db0000)
}
Event: 97.554 GC heap before
{Heap before GC invocations=52 (full 5):
 PSYoungGen      total 150912K, used 8791K [0xa8970000, 0xb31e0000, 0xb3410000)
  eden space 129536K, 0% used [0xa8970000,0xa8970000,0xb07f0000)
  from space 21376K, 41% used [0xb07f0000,0xb1085c80,0xb1cd0000)
  to   space 21568K, 0% used [0xb1cd0000,0xb1cd0000,0xb31e0000)
 ParOldGen       total 132800K, used 100815K [0x93410000, 0x9b5c0000, 0xa8970000)
  object space 132800K, 75% used [0x93410000,0x99683f18,0x9b5c0000)
 PSPermGen       total 42624K, used 42623K [0x87410000, 0x89db0000, 0x93410000)
  object space 42624K, 99% used [0x87410000,0x89daffc8,0x89db0000)

